<?xml version="1.0" encoding="UTF-8" ?>
<testsuite failures="0" time="1.313" errors="0" skipped="0" tests="39" name="org.apache.mina.core.buffer.IoBufferTest">
  <properties>
    <property name="java.runtime.name" value="Java(TM) SE Runtime Environment"/>
    <property name="sun.boot.library.path" value="/System/Library/Java/JavaVirtualMachines/1.6.0.jdk/Contents/Libraries"/>
    <property name="java.vm.version" value="20.1-b02-383"/>
    <property name="awt.nativeDoubleBuffering" value="true"/>
    <property name="gopherProxySet" value="false"/>
    <property name="mrj.build" value="11A511"/>
    <property name="java.vm.vendor" value="Apple Inc."/>
    <property name="java.vendor.url" value="http://www.apple.com/"/>
    <property name="path.separator" value=":"/>
    <property name="java.vm.name" value="Java HotSpot(TM) 64-Bit Server VM"/>
    <property name="file.encoding.pkg" value="sun.io"/>
    <property name="user.country" value="US"/>
    <property name="sun.java.launcher" value="SUN_STANDARD"/>
    <property name="sun.os.patch.level" value="unknown"/>
    <property name="java.vm.specification.name" value="Java Virtual Machine Specification"/>
    <property name="user.dir" value="/Users/wallacepeng/dev/MobX/mobxserver/apache-mina-2.0.4/src/mina-core"/>
    <property name="java.runtime.version" value="1.6.0_26-b03-383-11A511"/>
    <property name="java.awt.graphicsenv" value="apple.awt.CGraphicsEnvironment"/>
    <property name="basedir" value="/Users/wallacepeng/dev/MobX/mobxserver/apache-mina-2.0.4/src/mina-core"/>
    <property name="java.endorsed.dirs" value="/System/Library/Java/JavaVirtualMachines/1.6.0.jdk/Contents/Home/lib/endorsed"/>
    <property name="os.arch" value="x86_64"/>
    <property name="surefire.real.class.path" value="/Users/wallacepeng/dev/MobX/mobxserver/apache-mina-2.0.4/src/mina-core/target/surefire/surefirebooter629941271189232795.jar"/>
    <property name="java.io.tmpdir" value="/var/folders/x5/ldbxh8nj2vjcq717134r8c1r0000gn/T/"/>
    <property name="line.separator" value="
"/>
    <property name="java.vm.specification.vendor" value="Sun Microsystems Inc."/>
    <property name="os.name" value="Mac OS X"/>
    <property name="sun.jnu.encoding" value="MacRoman"/>
    <property name="java.library.path" value=".:/Library/Java/Extensions:/System/Library/Java/Extensions:/usr/lib/java"/>
    <property name="surefire.test.class.path" value="/Users/wallacepeng/dev/MobX/mobxserver/apache-mina-2.0.4/src/mina-core/target/test-classes:/Users/wallacepeng/dev/MobX/mobxserver/apache-mina-2.0.4/src/mina-core/target/classes:/Users/wallacepeng/.m2/repository/org/easymock/easymock/2.5.2/easymock-2.5.2.jar:/Users/wallacepeng/.m2/repository/org/easymock/easymockclassextension/2.5.2/easymockclassextension-2.5.2.jar:/Users/wallacepeng/.m2/repository/cglib/cglib-nodep/2.2/cglib-nodep-2.2.jar:/Users/wallacepeng/.m2/repository/org/objenesis/objenesis/1.2/objenesis-1.2.jar:/Users/wallacepeng/.m2/repository/org/slf4j/slf4j-api/1.6.1/slf4j-api-1.6.1.jar:/Users/wallacepeng/.m2/repository/org/slf4j/slf4j-log4j12/1.6.1/slf4j-log4j12-1.6.1.jar:/Users/wallacepeng/.m2/repository/log4j/log4j/1.2.16/log4j-1.2.16.jar:/Users/wallacepeng/.m2/repository/junit/junit/4.8.2/junit-4.8.2.jar:"/>
    <property name="java.specification.name" value="Java Platform API Specification"/>
    <property name="java.class.version" value="50.0"/>
    <property name="sun.management.compiler" value="HotSpot 64-Bit Tiered Compilers"/>
    <property name="os.version" value="10.7"/>
    <property name="http.nonProxyHosts" value="local|*.local|169.254/16|*.169.254/16"/>
    <property name="user.home" value="/Users/wallacepeng"/>
    <property name="user.timezone" value=""/>
    <property name="java.awt.printerjob" value="apple.awt.CPrinterJob"/>
    <property name="java.specification.version" value="1.6"/>
    <property name="file.encoding" value="MacRoman"/>
    <property name="user.name" value="wallacepeng"/>
    <property name="java.class.path" value="/Users/wallacepeng/dev/MobX/mobxserver/apache-mina-2.0.4/src/mina-core/target/test-classes:/Users/wallacepeng/dev/MobX/mobxserver/apache-mina-2.0.4/src/mina-core/target/classes:/Users/wallacepeng/.m2/repository/org/easymock/easymock/2.5.2/easymock-2.5.2.jar:/Users/wallacepeng/.m2/repository/org/easymock/easymockclassextension/2.5.2/easymockclassextension-2.5.2.jar:/Users/wallacepeng/.m2/repository/cglib/cglib-nodep/2.2/cglib-nodep-2.2.jar:/Users/wallacepeng/.m2/repository/org/objenesis/objenesis/1.2/objenesis-1.2.jar:/Users/wallacepeng/.m2/repository/org/slf4j/slf4j-api/1.6.1/slf4j-api-1.6.1.jar:/Users/wallacepeng/.m2/repository/org/slf4j/slf4j-log4j12/1.6.1/slf4j-log4j12-1.6.1.jar:/Users/wallacepeng/.m2/repository/log4j/log4j/1.2.16/log4j-1.2.16.jar:/Users/wallacepeng/.m2/repository/junit/junit/4.8.2/junit-4.8.2.jar:"/>
    <property name="java.vm.specification.version" value="1.0"/>
    <property name="sun.arch.data.model" value="64"/>
    <property name="java.home" value="/System/Library/Java/JavaVirtualMachines/1.6.0.jdk/Contents/Home"/>
    <property name="sun.java.command" value="/Users/wallacepeng/dev/MobX/mobxserver/apache-mina-2.0.4/src/mina-core/target/surefire/surefirebooter629941271189232795.jar /Users/wallacepeng/dev/MobX/mobxserver/apache-mina-2.0.4/src/mina-core/target/surefire/surefire1066214441288722388tmp /Users/wallacepeng/dev/MobX/mobxserver/apache-mina-2.0.4/src/mina-core/target/surefire/surefire5772913030304605679tmp"/>
    <property name="java.specification.vendor" value="Sun Microsystems Inc."/>
    <property name="user.language" value="en"/>
    <property name="awt.toolkit" value="apple.awt.CToolkit"/>
    <property name="java.vm.info" value="mixed mode"/>
    <property name="java.version" value="1.6.0_26"/>
    <property name="java.ext.dirs" value="/Library/Java/Extensions:/System/Library/Java/Extensions:/System/Library/Java/JavaVirtualMachines/1.6.0.jdk/Contents/Home/lib/ext"/>
    <property name="sun.boot.class.path" value="/System/Library/Java/JavaVirtualMachines/1.6.0.jdk/Contents/Classes/jsfd.jar:/System/Library/Java/JavaVirtualMachines/1.6.0.jdk/Contents/Classes/classes.jar:/System/Library/Frameworks/JavaVM.framework/Frameworks/JavaRuntimeSupport.framework/Resources/Java/JavaRuntimeSupport.jar:/System/Library/Java/JavaVirtualMachines/1.6.0.jdk/Contents/Classes/ui.jar:/System/Library/Java/JavaVirtualMachines/1.6.0.jdk/Contents/Classes/laf.jar:/System/Library/Java/JavaVirtualMachines/1.6.0.jdk/Contents/Classes/sunrsasign.jar:/System/Library/Java/JavaVirtualMachines/1.6.0.jdk/Contents/Classes/jsse.jar:/System/Library/Java/JavaVirtualMachines/1.6.0.jdk/Contents/Classes/jce.jar:/System/Library/Java/JavaVirtualMachines/1.6.0.jdk/Contents/Classes/charsets.jar"/>
    <property name="java.vendor" value="Apple Inc."/>
    <property name="localRepository" value="/Users/wallacepeng/.m2/repository"/>
    <property name="file.separator" value="/"/>
    <property name="java.vendor.url.bug" value="http://bugreport.apple.com/"/>
    <property name="sun.cpu.endian" value="little"/>
    <property name="sun.io.unicode.encoding" value="UnicodeLittle"/>
    <property name="mrj.version" value="1070.1.6.0_26-383"/>
    <property name="socksNonProxyHosts" value="local|*.local|169.254/16|*.169.254/16"/>
    <property name="ftp.nonProxyHosts" value="local|*.local|169.254/16|*.169.254/16"/>
    <property name="sun.cpu.isalist" value=""/>
  </properties>
  <testcase time="1.063" classname="org.apache.mina.core.buffer.IoBufferTest" name="testNormalizeCapacity"/>
  <testcase time="0" classname="org.apache.mina.core.buffer.IoBufferTest" name="autoExpand"/>
  <testcase time="0.007" classname="org.apache.mina.core.buffer.IoBufferTest" name="testObjectSerialization"/>
  <testcase time="0.001" classname="org.apache.mina.core.buffer.IoBufferTest" name="testNonserializableClass"/>
  <testcase time="0.001" classname="org.apache.mina.core.buffer.IoBufferTest" name="testNonserializableInterface"/>
  <testcase time="0.012" classname="org.apache.mina.core.buffer.IoBufferTest" name="testAllocate"/>
  <testcase time="0.041" classname="org.apache.mina.core.buffer.IoBufferTest" name="testAutoExpand"/>
  <testcase time="0" classname="org.apache.mina.core.buffer.IoBufferTest" name="testAutoExpandMark"/>
  <testcase time="0.001" classname="org.apache.mina.core.buffer.IoBufferTest" name="testAutoShrink"/>
  <testcase time="0.001" classname="org.apache.mina.core.buffer.IoBufferTest" name="testGetString"/>
  <testcase time="0.013" classname="org.apache.mina.core.buffer.IoBufferTest" name="testGetStringWithFailure"/>
  <testcase time="0.001" classname="org.apache.mina.core.buffer.IoBufferTest" name="testPutString"/>
  <testcase time="0" classname="org.apache.mina.core.buffer.IoBufferTest" name="testGetPrefixedString"/>
  <testcase time="0" classname="org.apache.mina.core.buffer.IoBufferTest" name="testPutPrefixedString"/>
  <testcase time="0" classname="org.apache.mina.core.buffer.IoBufferTest" name="testPutPrefixedStringWithPrefixLength"/>
  <testcase time="0.003" classname="org.apache.mina.core.buffer.IoBufferTest" name="testPutPrefixedStringWithPadding"/>
  <testcase time="0.102" classname="org.apache.mina.core.buffer.IoBufferTest" name="testWideUtf8Characters"/>
  <testcase time="0.005" classname="org.apache.mina.core.buffer.IoBufferTest" name="testInheritedObjectSerialization"/>
  <testcase time="0" classname="org.apache.mina.core.buffer.IoBufferTest" name="testSweepWithZeros"/>
  <testcase time="0" classname="org.apache.mina.core.buffer.IoBufferTest" name="testSweepNonZeros"/>
  <testcase time="0" classname="org.apache.mina.core.buffer.IoBufferTest" name="testWrapNioBuffer"/>
  <testcase time="0" classname="org.apache.mina.core.buffer.IoBufferTest" name="testWrapSubArray"/>
  <testcase time="0" classname="org.apache.mina.core.buffer.IoBufferTest" name="testDuplicate"/>
  <testcase time="0" classname="org.apache.mina.core.buffer.IoBufferTest" name="testSlice"/>
  <testcase time="0.001" classname="org.apache.mina.core.buffer.IoBufferTest" name="testReadOnlyBuffer"/>
  <testcase time="0.001" classname="org.apache.mina.core.buffer.IoBufferTest" name="testGetUnsigned"/>
  <testcase time="0.001" classname="org.apache.mina.core.buffer.IoBufferTest" name="testIndexOf"/>
  <testcase time="0.001" classname="org.apache.mina.core.buffer.IoBufferTest" name="testPutEnumSet"/>
  <testcase time="0" classname="org.apache.mina.core.buffer.IoBufferTest" name="testGetEnumSet"/>
  <testcase time="0.001" classname="org.apache.mina.core.buffer.IoBufferTest" name="testBitVectorOverFlow"/>
  <testcase time="0" classname="org.apache.mina.core.buffer.IoBufferTest" name="testGetPutEnum"/>
  <testcase time="0" classname="org.apache.mina.core.buffer.IoBufferTest" name="testGetMediumInt"/>
  <testcase time="0" classname="org.apache.mina.core.buffer.IoBufferTest" name="testPutMediumInt"/>
  <testcase time="0" classname="org.apache.mina.core.buffer.IoBufferTest" name="testPutUnsigned"/>
  <testcase time="0" classname="org.apache.mina.core.buffer.IoBufferTest" name="testPutUnsignedIndex"/>
  <testcase time="0" classname="org.apache.mina.core.buffer.IoBufferTest" name="testPutUnsignedShort"/>
  <testcase time="0" classname="org.apache.mina.core.buffer.IoBufferTest" name="testPutUnsignedShortIndex"/>
  <testcase time="0" classname="org.apache.mina.core.buffer.IoBufferTest" name="testPutUnsignedInt"/>
  <testcase time="0" classname="org.apache.mina.core.buffer.IoBufferTest" name="testPutUnsignedIntIndex"/>
</testsuite>